<?xml version="1.0" encoding="UTF-8"?>
<testsuite name="JUnit Vintage" tests="2" skipped="0" failures="0" errors="0" time="0.024" hostname="localhost.localdomain" timestamp="2024-06-11T08:26:39">
<properties>
<property name="awt.toolkit" value="sun.awt.X11.XToolkit"/>
<property name="file.encoding" value="UTF-8"/>
<property name="file.separator" value="/"/>
<property name="java.awt.graphicsenv" value="sun.awt.X11GraphicsEnvironment"/>
<property name="java.awt.printerjob" value="sun.print.PSPrinterJob"/>
<property name="java.class.path" value="/usr/bin/junit.jar"/>
<property name="java.class.version" value="55.0"/>
<property name="java.home" value="/usr/lib/jvm/java-11-openjdk-11.0.11.0.9-0.fc32.x86_64"/>
<property name="java.io.tmpdir" value="/tmp"/>
<property name="java.library.path" value="/usr/java/packages/lib:/usr/lib64:/lib64:/lib:/usr/lib"/>
<property name="java.runtime.name" value="OpenJDK Runtime Environment"/>
<property name="java.runtime.version" value="11.0.11+9"/>
<property name="java.specification.name" value="Java Platform API Specification"/>
<property name="java.specification.vendor" value="Oracle Corporation"/>
<property name="java.specification.version" value="11"/>
<property name="java.vendor" value="Red Hat, Inc."/>
<property name="java.vendor.url" value="https://www.redhat.com/"/>
<property name="java.vendor.url.bug" value="https://bugzilla.redhat.com/enter_bug.cgi?product=Fedora&amp;component=java-11-openjdk&amp;version=32"/>
<property name="java.vendor.version" value="18.9"/>
<property name="java.version" value="11.0.11"/>
<property name="java.version.date" value="2021-04-20"/>
<property name="java.vm.compressedOopsMode" value="Zero based"/>
<property name="java.vm.info" value="mixed mode, sharing"/>
<property name="java.vm.name" value="OpenJDK 64-Bit Server VM"/>
<property name="java.vm.specification.name" value="Java Virtual Machine Specification"/>
<property name="java.vm.specification.vendor" value="Oracle Corporation"/>
<property name="java.vm.specification.version" value="11"/>
<property name="java.vm.vendor" value="Red Hat, Inc."/>
<property name="java.vm.version" value="11.0.11+9"/>
<property name="jdk.debug" value="release"/>
<property name="line.separator" value="
"/>
<property name="os.arch" value="amd64"/>
<property name="os.name" value="Linux"/>
<property name="os.version" value="5.11.22-100.fc32.x86_64"/>
<property name="path.separator" value=":"/>
<property name="sun.arch.data.model" value="64"/>
<property name="sun.boot.library.path" value="/usr/lib/jvm/java-11-openjdk-11.0.11.0.9-0.fc32.x86_64/lib"/>
<property name="sun.cpu.endian" value="little"/>
<property name="sun.cpu.isalist" value=""/>
<property name="sun.io.unicode.encoding" value="UnicodeLittle"/>
<property name="sun.java.command" value="/usr/bin/junit.jar -cp ./io --select-class AfortunadosTest --reports-dir io/results"/>
<property name="sun.java.launcher" value="SUN_STANDARD"/>
<property name="sun.jnu.encoding" value="UTF-8"/>
<property name="sun.management.compiler" value="HotSpot 64-Bit Tiered Compilers"/>
<property name="sun.os.patch.level" value="unknown"/>
<property name="user.country" value="ES"/>
<property name="user.dir" value="/home/victorponz/Documentos/repos/CodeTest"/>
<property name="user.home" value="/home/victorponz"/>
<property name="user.language" value="es"/>
<property name="user.name" value="victorponz"/>
<property name="user.timezone" value="Europe/Madrid"/>
</properties>
<testcase name="test2" classname="AfortunadosTest" time="0.001">
<system-out><![CDATA[
unique-id: [engine:junit-vintage]/[runner:AfortunadosTest]/[test:test2(AfortunadosTest)]
display-name: test2
]]></system-out>
</testcase>
<testcase name="testa" classname="AfortunadosTest" time="0.008">
<system-out><![CDATA[
unique-id: [engine:junit-vintage]/[runner:AfortunadosTest]/[test:testa(AfortunadosTest)]
display-name: testa
]]></system-out>
</testcase>
<system-out><![CDATA[
unique-id: [engine:junit-vintage]
display-name: JUnit Vintage
]]></system-out>
</testsuite>
